<?xml version="1.0" encoding="UTF-8"?>
<!-- Generated by org.testng.reporters.JUnitReportReporter -->
<testsuite hostname="DESKTOP-V0KF7HF" failures="0" tests="1" name="SeleniumPackage.IEBrowser" time="3.367" errors="0" timestamp="16 Jan 2018 23:47:48 GMT" skipped="0">
  <testcase classname="SeleniumPackage.IEBrowser" name="test12" time="3.367"/>
</testsuite> <!-- SeleniumPackage.IEBrowser -->
