<?xml version="1.0" encoding="UTF-8"?>
<!-- Generated by org.testng.reporters.JUnitReportReporter -->
<testsuite hostname="DESKTOP-V0KF7HF" failures="0" tests="1" name="SeleniumPackage.LoginTest" time="0.013" errors="0" timestamp="16 Jan 2018 23:27:30 GMT" skipped="0">
  <testcase classname="SeleniumPackage.LoginTest" name="userLogin" time="0.013"/>
</testsuite> <!-- SeleniumPackage.LoginTest -->
